2023-12-27 18:35:28.641 [info] Getting Manifest... k--kato.intellij-idea-keybindings
2023-12-27 18:35:28.661 [info] Installing extension: k--kato.intellij-idea-keybindings
2023-12-27 18:35:29.378 [warning] Extension signature verification failed with error 'EACCES': k--kato.intellij-idea-keybindings
2023-12-27 18:35:29.392 [error] Error while installing the extension: k--kato.intellij-idea-keybindings
2023-12-27 18:35:29.396 [error] Failed to install extension. k--kato.intellij-idea-keybindings
2023-12-27 18:35:29.396 [error] Extract: ENOENT: no such file or directory, mkdir '/nix/store/a93pj89asfs0xdbcgmlficc1mlk3zyc3-vscode-extensions/share/vscode/extensions/.fd7b6f28-0663-4c48-8448-3e93f4574d54'
    at W.extractUserExtension (/nix/store/vjmxqd978apqangpzbjl31cp32ajirv2-vscode-1.85.1/lib/vscode/resources/app/out/vs/code/node/sharedProcess/sharedProcessMain.js:100:114013)
    at async te.u (/nix/store/vjmxqd978apqangpzbjl31cp32ajirv2-vscode-1.85.1/lib/vscode/resources/app/out/vs/code/node/sharedProcess/sharedProcessMain.js:100:120168)
    at async te.x (/nix/store/vjmxqd978apqangpzbjl31cp32ajirv2-vscode-1.85.1/lib/vscode/resources/app/out/vs/code/node/sharedProcess/sharedProcessMain.js:100:121828)
    at async te.h (/nix/store/vjmxqd978apqangpzbjl31cp32ajirv2-vscode-1.85.1/lib/vscode/resources/app/out/vs/code/node/sharedProcess/sharedProcessMain.js:100:119735)
2023-12-27 18:35:29.397 [error] [uncaught exception in sharedProcess]: ENOENT: no such file or directory, mkdir '/nix/store/a93pj89asfs0xdbcgmlficc1mlk3zyc3-vscode-extensions/share/vscode/extensions/.fd7b6f28-0663-4c48-8448-3e93f4574d54': Extract: ENOENT: no such file or directory, mkdir '/nix/store/a93pj89asfs0xdbcgmlficc1mlk3zyc3-vscode-extensions/share/vscode/extensions/.fd7b6f28-0663-4c48-8448-3e93f4574d54'
    at W.extractUserExtension (/nix/store/vjmxqd978apqangpzbjl31cp32ajirv2-vscode-1.85.1/lib/vscode/resources/app/out/vs/code/node/sharedProcess/sharedProcessMain.js:100:114013)
    at async te.u (/nix/store/vjmxqd978apqangpzbjl31cp32ajirv2-vscode-1.85.1/lib/vscode/resources/app/out/vs/code/node/sharedProcess/sharedProcessMain.js:100:120168)
    at async te.x (/nix/store/vjmxqd978apqangpzbjl31cp32ajirv2-vscode-1.85.1/lib/vscode/resources/app/out/vs/code/node/sharedProcess/sharedProcessMain.js:100:121828)
    at async te.h (/nix/store/vjmxqd978apqangpzbjl31cp32ajirv2-vscode-1.85.1/lib/vscode/resources/app/out/vs/code/node/sharedProcess/sharedProcessMain.js:100:119735)
2023-12-27 18:35:45.859 [info] Getting Manifest... k--kato.intellij-idea-keybindings
2023-12-27 18:35:45.865 [info] Installing extension: k--kato.intellij-idea-keybindings
2023-12-27 18:35:46.170 [warning] Extension signature verification failed with error 'EACCES': k--kato.intellij-idea-keybindings
2023-12-27 18:35:46.175 [error] Error while installing the extension: k--kato.intellij-idea-keybindings
2023-12-27 18:35:46.178 [error] Failed to install extension. k--kato.intellij-idea-keybindings
2023-12-27 18:35:46.178 [error] Extract: ENOENT: no such file or directory, mkdir '/nix/store/a93pj89asfs0xdbcgmlficc1mlk3zyc3-vscode-extensions/share/vscode/extensions/.cc399ef0-15b1-4457-b83f-552935ebecf6'
    at W.extractUserExtension (/nix/store/vjmxqd978apqangpzbjl31cp32ajirv2-vscode-1.85.1/lib/vscode/resources/app/out/vs/code/node/sharedProcess/sharedProcessMain.js:100:114013)
    at async te.u (/nix/store/vjmxqd978apqangpzbjl31cp32ajirv2-vscode-1.85.1/lib/vscode/resources/app/out/vs/code/node/sharedProcess/sharedProcessMain.js:100:120168)
    at async te.x (/nix/store/vjmxqd978apqangpzbjl31cp32ajirv2-vscode-1.85.1/lib/vscode/resources/app/out/vs/code/node/sharedProcess/sharedProcessMain.js:100:121828)
    at async te.h (/nix/store/vjmxqd978apqangpzbjl31cp32ajirv2-vscode-1.85.1/lib/vscode/resources/app/out/vs/code/node/sharedProcess/sharedProcessMain.js:100:119735)
2023-12-27 18:35:46.178 [error] [uncaught exception in sharedProcess]: ENOENT: no such file or directory, mkdir '/nix/store/a93pj89asfs0xdbcgmlficc1mlk3zyc3-vscode-extensions/share/vscode/extensions/.cc399ef0-15b1-4457-b83f-552935ebecf6': Extract: ENOENT: no such file or directory, mkdir '/nix/store/a93pj89asfs0xdbcgmlficc1mlk3zyc3-vscode-extensions/share/vscode/extensions/.cc399ef0-15b1-4457-b83f-552935ebecf6'
    at W.extractUserExtension (/nix/store/vjmxqd978apqangpzbjl31cp32ajirv2-vscode-1.85.1/lib/vscode/resources/app/out/vs/code/node/sharedProcess/sharedProcessMain.js:100:114013)
    at async te.u (/nix/store/vjmxqd978apqangpzbjl31cp32ajirv2-vscode-1.85.1/lib/vscode/resources/app/out/vs/code/node/sharedProcess/sharedProcessMain.js:100:120168)
    at async te.x (/nix/store/vjmxqd978apqangpzbjl31cp32ajirv2-vscode-1.85.1/lib/vscode/resources/app/out/vs/code/node/sharedProcess/sharedProcessMain.js:100:121828)
    at async te.h (/nix/store/vjmxqd978apqangpzbjl31cp32ajirv2-vscode-1.85.1/lib/vscode/resources/app/out/vs/code/node/sharedProcess/sharedProcessMain.js:100:119735)
2023-12-27 18:36:02.427 [info] Getting Manifest... k--kato.intellij-idea-keybindings
2023-12-27 18:36:02.433 [info] Installing extension: k--kato.intellij-idea-keybindings
2023-12-27 18:36:02.805 [warning] Extension signature verification failed with error 'EACCES': k--kato.intellij-idea-keybindings
2023-12-27 18:36:02.810 [error] Error while installing the extension: k--kato.intellij-idea-keybindings
2023-12-27 18:36:02.811 [error] Failed to install extension. k--kato.intellij-idea-keybindings
2023-12-27 18:36:02.811 [error] Extract: ENOENT: no such file or directory, mkdir '/nix/store/a93pj89asfs0xdbcgmlficc1mlk3zyc3-vscode-extensions/share/vscode/extensions/.87566354-d7da-4a10-a3f4-a47d3b8f25fd'
    at W.extractUserExtension (/nix/store/vjmxqd978apqangpzbjl31cp32ajirv2-vscode-1.85.1/lib/vscode/resources/app/out/vs/code/node/sharedProcess/sharedProcessMain.js:100:114013)
    at async te.u (/nix/store/vjmxqd978apqangpzbjl31cp32ajirv2-vscode-1.85.1/lib/vscode/resources/app/out/vs/code/node/sharedProcess/sharedProcessMain.js:100:120168)
    at async te.x (/nix/store/vjmxqd978apqangpzbjl31cp32ajirv2-vscode-1.85.1/lib/vscode/resources/app/out/vs/code/node/sharedProcess/sharedProcessMain.js:100:121828)
    at async te.h (/nix/store/vjmxqd978apqangpzbjl31cp32ajirv2-vscode-1.85.1/lib/vscode/resources/app/out/vs/code/node/sharedProcess/sharedProcessMain.js:100:119735)
2023-12-27 18:36:02.812 [error] [uncaught exception in sharedProcess]: ENOENT: no such file or directory, mkdir '/nix/store/a93pj89asfs0xdbcgmlficc1mlk3zyc3-vscode-extensions/share/vscode/extensions/.87566354-d7da-4a10-a3f4-a47d3b8f25fd': Extract: ENOENT: no such file or directory, mkdir '/nix/store/a93pj89asfs0xdbcgmlficc1mlk3zyc3-vscode-extensions/share/vscode/extensions/.87566354-d7da-4a10-a3f4-a47d3b8f25fd'
    at W.extractUserExtension (/nix/store/vjmxqd978apqangpzbjl31cp32ajirv2-vscode-1.85.1/lib/vscode/resources/app/out/vs/code/node/sharedProcess/sharedProcessMain.js:100:114013)
    at async te.u (/nix/store/vjmxqd978apqangpzbjl31cp32ajirv2-vscode-1.85.1/lib/vscode/resources/app/out/vs/code/node/sharedProcess/sharedProcessMain.js:100:120168)
    at async te.x (/nix/store/vjmxqd978apqangpzbjl31cp32ajirv2-vscode-1.85.1/lib/vscode/resources/app/out/vs/code/node/sharedProcess/sharedProcessMain.js:100:121828)
    at async te.h (/nix/store/vjmxqd978apqangpzbjl31cp32ajirv2-vscode-1.85.1/lib/vscode/resources/app/out/vs/code/node/sharedProcess/sharedProcessMain.js:100:119735)
2023-12-27 18:36:16.425 [info] Getting Manifest... k--kato.intellij-idea-keybindings
2023-12-27 18:36:16.431 [info] Installing extension: k--kato.intellij-idea-keybindings
2023-12-27 18:36:16.714 [warning] Extension signature verification failed with error 'EACCES': k--kato.intellij-idea-keybindings
2023-12-27 18:36:16.719 [error] Error while installing the extension: k--kato.intellij-idea-keybindings
2023-12-27 18:36:16.720 [error] Failed to install extension. k--kato.intellij-idea-keybindings
2023-12-27 18:36:16.720 [error] Extract: ENOENT: no such file or directory, mkdir '/nix/store/a93pj89asfs0xdbcgmlficc1mlk3zyc3-vscode-extensions/share/vscode/extensions/.6b02b8e0-78ab-4792-8957-7d064fe91fe4'
    at W.extractUserExtension (/nix/store/vjmxqd978apqangpzbjl31cp32ajirv2-vscode-1.85.1/lib/vscode/resources/app/out/vs/code/node/sharedProcess/sharedProcessMain.js:100:114013)
    at async te.u (/nix/store/vjmxqd978apqangpzbjl31cp32ajirv2-vscode-1.85.1/lib/vscode/resources/app/out/vs/code/node/sharedProcess/sharedProcessMain.js:100:120168)
    at async te.x (/nix/store/vjmxqd978apqangpzbjl31cp32ajirv2-vscode-1.85.1/lib/vscode/resources/app/out/vs/code/node/sharedProcess/sharedProcessMain.js:100:121828)
    at async te.h (/nix/store/vjmxqd978apqangpzbjl31cp32ajirv2-vscode-1.85.1/lib/vscode/resources/app/out/vs/code/node/sharedProcess/sharedProcessMain.js:100:119735)
2023-12-27 18:36:16.721 [error] [uncaught exception in sharedProcess]: ENOENT: no such file or directory, mkdir '/nix/store/a93pj89asfs0xdbcgmlficc1mlk3zyc3-vscode-extensions/share/vscode/extensions/.6b02b8e0-78ab-4792-8957-7d064fe91fe4': Extract: ENOENT: no such file or directory, mkdir '/nix/store/a93pj89asfs0xdbcgmlficc1mlk3zyc3-vscode-extensions/share/vscode/extensions/.6b02b8e0-78ab-4792-8957-7d064fe91fe4'
    at W.extractUserExtension (/nix/store/vjmxqd978apqangpzbjl31cp32ajirv2-vscode-1.85.1/lib/vscode/resources/app/out/vs/code/node/sharedProcess/sharedProcessMain.js:100:114013)
    at async te.u (/nix/store/vjmxqd978apqangpzbjl31cp32ajirv2-vscode-1.85.1/lib/vscode/resources/app/out/vs/code/node/sharedProcess/sharedProcessMain.js:100:120168)
    at async te.x (/nix/store/vjmxqd978apqangpzbjl31cp32ajirv2-vscode-1.85.1/lib/vscode/resources/app/out/vs/code/node/sharedProcess/sharedProcessMain.js:100:121828)
    at async te.h (/nix/store/vjmxqd978apqangpzbjl31cp32ajirv2-vscode-1.85.1/lib/vscode/resources/app/out/vs/code/node/sharedProcess/sharedProcessMain.js:100:119735)
