2023-12-27 18:34:37.419 [info] Added views:workbench.panel.markers.view in workbench.panel.markers
2023-12-27 18:34:37.419 [info] Added views:workbench.panel.output in workbench.panel.output
2023-12-27 18:34:37.419 [info] Added views:terminal in terminal
2023-12-27 18:34:37.419 [info] Added views:outline in workbench.view.explorer
2023-12-27 18:34:37.419 [info] Added views:workbench.scm in workbench.view.scm
2023-12-27 18:34:37.419 [info] Added views:workbench.view.search in workbench.view.search
2023-12-27 18:34:37.419 [info] Added views:timeline in workbench.view.explorer
2023-12-27 18:34:37.419 [info] Added views:workbench.explorer.emptyView in workbench.view.explorer
2023-12-27 18:34:38.440 [info] Added views:workbench.debug.variablesView,workbench.debug.watchExpressionsView,workbench.debug.callStackView,workbench.debug.breakPointsView in workbench.view.debug
2023-12-27 18:34:38.492 [info] Added views:workbench.panel.repl.view in workbench.panel.repl
2023-12-27 18:34:38.494 [info] Removed views:workbench.debug.breakPointsView,workbench.debug.callStackView,workbench.debug.watchExpressionsView,workbench.debug.variablesView from workbench.view.debug
2023-12-27 18:34:38.495 [info] Added views:workbench.debug.welcome in workbench.view.debug
2023-12-27 18:34:38.691 [info] Added views:~remote.forwardedPorts in ~remote.forwardedPortsContainer
2023-12-27 18:34:54.738 [info] Added views:workbench.views.extensions.installed,workbench.views.extensions.popular,extensions.recommendedList in workbench.view.extensions
2023-12-27 18:34:54.740 [info] Removed views:workbench.views.extensions.popular from workbench.view.extensions
2023-12-27 18:34:55.162 [info] Added views:workbench.views.extensions.popular in workbench.view.extensions
2023-12-27 18:34:55.361 [info] Removed views:extensions.recommendedList,workbench.views.extensions.popular,workbench.views.extensions.installed from workbench.view.extensions
2023-12-27 18:34:55.372 [info] Added views:workbench.views.extensions.marketplace in workbench.view.extensions
2023-12-27 18:35:19.258 [info] Removed views:workbench.views.extensions.marketplace from workbench.view.extensions
2023-12-27 18:35:19.277 [info] Added views:workbench.views.extensions.installed,workbench.views.extensions.popular,extensions.recommendedList in workbench.view.extensions
2023-12-27 18:35:26.126 [info] Removed views:extensions.recommendedList,workbench.views.extensions.popular,workbench.views.extensions.installed from workbench.view.extensions
2023-12-27 18:35:26.136 [info] Added views:workbench.views.extensions.marketplace in workbench.view.extensions
